Determining if the pthread_create exist failed with the following output:
Change Dir: /home/pedroildefonso/baxter_project/workspace/build/baxter_description/CMakeFiles/CMakeTmp

Run Build Command:"/usr/bin/make" "cmTC_a1362/fast"
/usr/bin/make -f CMakeFiles/cmTC_a1362.dir/build.make CMakeFiles/cmTC_a1362.dir/build
make[1]: Entering directory '/home/pedroildefonso/baxter_project/workspace/build/baxter_description/CMakeFiles/CMakeTmp'
Building C object CMakeFiles/cmTC_a1362.dir/CheckSymbolExists.c.o
/usr/bin/cc     -o CMakeFiles/cmTC_a1362.dir/CheckSymbolExists.c.o   -c /home/pedroildefonso/baxter_project/workspace/build/baxter_description/CMakeFiles/CMakeTmp/CheckSymbolExists.c
Linking C executable cmTC_a1362
/usr/bin/cmake -E cmake_link_script CMakeFiles/cmTC_a1362.dir/link.txt --verbose=1
/usr/bin/cc       CMakeFiles/cmTC_a1362.dir/CheckSymbolExists.c.o  -o cmTC_a1362 -rdynamic 
CMakeFiles/cmTC_a1362.dir/CheckSymbolExists.c.o: In function `main':
CheckSymbolExists.c:(.text+0x16): undefined reference to `pthread_create'
collect2: error: ld returned 1 exit status
CMakeFiles/cmTC_a1362.dir/build.make:97: recipe for target 'cmTC_a1362' failed
make[1]: *** [cmTC_a1362] Error 1
make[1]: Leaving directory '/home/pedroildefonso/baxter_project/workspace/build/baxter_description/CMakeFiles/CMakeTmp'
Makefile:126: recipe for target 'cmTC_a1362/fast' failed
make: *** [cmTC_a1362/fast] Error 2

File /home/pedroildefonso/baxter_project/workspace/build/baxter_description/CMakeFiles/CMakeTmp/CheckSymbolExists.c:
/* */
#include <pthread.h>

int main(int argc, char** argv)
{
  (void)argv;
#ifndef pthread_create
  return ((int*)(&pthread_create))[argc];
#else
  (void)argc;
  return 0;
#endif
}

Determining if the function pthread_create exists in the pthreads failed with the following output:
Change Dir: /home/pedroildefonso/baxter_project/workspace/build/baxter_description/CMakeFiles/CMakeTmp

Run Build Command:"/usr/bin/make" "cmTC_8b488/fast"
/usr/bin/make -f CMakeFiles/cmTC_8b488.dir/build.make CMakeFiles/cmTC_8b488.dir/build
make[1]: Entering directory '/home/pedroildefonso/baxter_project/workspace/build/baxter_description/CMakeFiles/CMakeTmp'
Building C object CMakeFiles/cmTC_8b488.dir/CheckFunctionExists.c.o
/usr/bin/cc    -DCHECK_FUNCTION_EXISTS=pthread_create   -o CMakeFiles/cmTC_8b488.dir/CheckFunctionExists.c.o   -c /usr/share/cmake-3.5/Modules/CheckFunctionExists.c
Linking C executable cmTC_8b488
/usr/bin/cmake -E cmake_link_script CMakeFiles/cmTC_8b488.dir/link.txt --verbose=1
/usr/bin/cc   -DCHECK_FUNCTION_EXISTS=pthread_create    CMakeFiles/cmTC_8b488.dir/CheckFunctionExists.c.o  -o cmTC_8b488 -rdynamic -lpthreads 
/usr/bin/ld: cannot find -lpthreads
collect2: error: ld returned 1 exit status
CMakeFiles/cmTC_8b488.dir/build.make:97: recipe for target 'cmTC_8b488' failed
make[1]: *** [cmTC_8b488] Error 1
make[1]: Leaving directory '/home/pedroildefonso/baxter_project/workspace/build/baxter_description/CMakeFiles/CMakeTmp'
Makefile:126: recipe for target 'cmTC_8b488/fast' failed
make: *** [cmTC_8b488/fast] Error 2


