[33m[1mCMake Warning[0m at /opt/ros/kinetic/share/catkin/cmake/catkinConfig.cmake:76 (find_package):
  Could not find a package configuration file provided by "baxter_interface"
  with any of the following names:

    baxter_interfaceConfig.cmake
    baxter_interface-config.cmake

  Add the installation prefix of "baxter_interface" to CMAKE_PREFIX_PATH or
  set "baxter_interface_DIR" to a directory containing one of the above
  files.  If "baxter_interface" provides a separate development package or
  SDK, be sure it has been installed.
[36mCall Stack (most recent call first):[0m
  CMakeLists.txt:7 (find_package)


[31m[1mCMake Error[0m at /opt/ros/kinetic/share/catkin/cmake/catkinConfig.cmake:83 (find_package):
  Could not find a package configuration file provided by "baxter_interface"
  with any of the following names:

    baxter_interfaceConfig.cmake
    baxter_interface-config.cmake

  Add the installation prefix of "baxter_interface" to CMAKE_PREFIX_PATH or
  set "baxter_interface_DIR" to a directory containing one of the above
  files.  If "baxter_interface" provides a separate development package or
  SDK, be sure it has been installed.
[36mCall Stack (most recent call first):[0m
  CMakeLists.txt:7 (find_package)


