[35m[1mScanning dependencies of target _tfpose_ros_generate_messages_check_deps_GetPersons[0m
[35m[1mScanning dependencies of target _tfpose_ros_generate_messages_check_deps_Person[0m
[35m[1mScanning dependencies of target std_msgs_generate_messages_eus[0m
[35m[1mScanning dependencies of target _tfpose_ros_generate_messages_check_deps_Person3D[0m
[  0%] Built target std_msgs_generate_messages_eus
[35m[1mScanning dependencies of target sensor_msgs_generate_messages_eus[0m
[  0%] Built target sensor_msgs_generate_messages_eus
[  0%] Built target _tfpose_ros_generate_messages_check_deps_Person
[  0%] Built target _tfpose_ros_generate_messages_check_deps_GetPersons
[  0%] Built target _tfpose_ros_generate_messages_check_deps_Person3D
[35m[1mScanning dependencies of target _tfpose_ros_generate_messages_check_deps_Persons3D[0m
[35m[1mScanning dependencies of target _tfpose_ros_generate_messages_check_deps_BodyPartElm3D[0m
[35m[1mScanning dependencies of target _tfpose_ros_generate_messages_check_deps_BodyPartElm[0m
[35m[1mScanning dependencies of target visualization_msgs_generate_messages_eus[0m
[  0%] Built target visualization_msgs_generate_messages_eus
[35m[1mScanning dependencies of target _tfpose_ros_generate_messages_check_deps_Persons[0m
[  0%] Built target _tfpose_ros_generate_messages_check_deps_BodyPartElm3D
[  0%] Built target _tfpose_ros_generate_messages_check_deps_Persons3D
[  0%] Built target _tfpose_ros_generate_messages_check_deps_BodyPartElm
[35m[1mScanning dependencies of target std_msgs_generate_messages_py[0m
[35m[1mScanning dependencies of target sensor_msgs_generate_messages_py[0m
[35m[1mScanning dependencies of target visualization_msgs_generate_messages_py[0m
[  0%] Built target std_msgs_generate_messages_py
[  0%] Built target _tfpose_ros_generate_messages_check_deps_Persons
[  0%] Built target sensor_msgs_generate_messages_py
[  0%] Built target visualization_msgs_generate_messages_py
[35m[1mScanning dependencies of target sensor_msgs_generate_messages_nodejs[0m
[35m[1mScanning dependencies of target visualization_msgs_generate_messages_nodejs[0m
[35m[1mScanning dependencies of target std_msgs_generate_messages_lisp[0m
[35m[1mScanning dependencies of target std_msgs_generate_messages_nodejs[0m
[  0%] Built target visualization_msgs_generate_messages_nodejs
[  0%] Built target sensor_msgs_generate_messages_nodejs
[  0%] Built target std_msgs_generate_messages_lisp
[  0%] Built target std_msgs_generate_messages_nodejs
[35m[1mScanning dependencies of target visualization_msgs_generate_messages_lisp[0m
[35m[1mScanning dependencies of target sensor_msgs_generate_messages_lisp[0m
[35m[1mScanning dependencies of target sensor_msgs_generate_messages_cpp[0m
[35m[1mScanning dependencies of target std_msgs_generate_messages_cpp[0m
[  0%] Built target sensor_msgs_generate_messages_lisp
[  0%] Built target sensor_msgs_generate_messages_cpp
[  0%] Built target std_msgs_generate_messages_cpp
[  0%] Built target visualization_msgs_generate_messages_lisp
[35m[1mScanning dependencies of target visualization_msgs_generate_messages_cpp[0m
[35m[1mScanning dependencies of target tfpose_ros_generate_messages_eus[0m
[35m[1mScanning dependencies of target tfpose_ros_generate_messages_nodejs[0m
[35m[1mScanning dependencies of target tfpose_ros_generate_messages_py[0m
[  0%] Built target visualization_msgs_generate_messages_cpp
[  2%] [34m[1mGenerating EusLisp code from tfpose_ros/Persons.msg[0m
[  5%] [34m[1mGenerating Javascript code from tfpose_ros/Persons.msg[0m
[  7%] [34m[1mGenerating Python from MSG tfpose_ros/Persons[0m
[ 10%] [34m[1mGenerating Javascript code from tfpose_ros/Person.msg[0m
[ 13%] [34m[1mGenerating Javascript code from tfpose_ros/Persons3D.msg[0m
[ 15%] [34m[1mGenerating Javascript code from tfpose_ros/BodyPartElm.msg[0m
[ 18%] [34m[1mGenerating EusLisp code from tfpose_ros/Person.msg[0m
[ 21%] [34m[1mGenerating Javascript code from tfpose_ros/Person3D.msg[0m
[ 23%] [34m[1mGenerating EusLisp code from tfpose_ros/BodyPartElm.msg[0m
[ 26%] [34m[1mGenerating Python from MSG tfpose_ros/Person[0m
[ 28%] [34m[1mGenerating Javascript code from tfpose_ros/BodyPartElm3D.msg[0m
[ 31%] [34m[1mGenerating EusLisp code from tfpose_ros/Persons3D.msg[0m
[ 34%] [34m[1mGenerating Javascript code from tfpose_ros/GetPersons.srv[0m
[ 36%] [34m[1mGenerating EusLisp code from tfpose_ros/Person3D.msg[0m
[ 39%] [34m[1mGenerating EusLisp code from tfpose_ros/BodyPartElm3D.msg[0m
[ 39%] Built target tfpose_ros_generate_messages_nodejs
[ 42%] [34m[1mGenerating Python from MSG tfpose_ros/BodyPartElm[0m
[ 44%] [34m[1mGenerating EusLisp code from tfpose_ros/GetPersons.srv[0m
[35m[1mScanning dependencies of target tfpose_ros_generate_messages_lisp[0m
[ 47%] [34m[1mGenerating Lisp code from tfpose_ros/Persons.msg[0m
[ 50%] [34m[1mGenerating EusLisp manifest code for tfpose_ros[0m
[ 52%] [34m[1mGenerating Python from MSG tfpose_ros/Persons3D[0m
[ 55%] [34m[1mGenerating Python from MSG tfpose_ros/Person3D[0m
[ 57%] [34m[1mGenerating Lisp code from tfpose_ros/Person.msg[0m
[ 60%] [34m[1mGenerating Lisp code from tfpose_ros/BodyPartElm.msg[0m
[ 63%] [34m[1mGenerating Python from MSG tfpose_ros/BodyPartElm3D[0m
[ 65%] [34m[1mGenerating Python code from SRV tfpose_ros/GetPersons[0m
[35m[1mScanning dependencies of target tfpose_ros_generate_messages_cpp[0m
[ 68%] [34m[1mGenerating C++ code from tfpose_ros/Persons.msg[0m
[ 71%] [34m[1mGenerating Python msg __init__.py for tfpose_ros[0m
[ 73%] [34m[1mGenerating Lisp code from tfpose_ros/Persons3D.msg[0m
[ 76%] [34m[1mGenerating Python srv __init__.py for tfpose_ros[0m
[ 78%] [34m[1mGenerating Lisp code from tfpose_ros/Person3D.msg[0m
[ 81%] [34m[1mGenerating Lisp code from tfpose_ros/BodyPartElm3D.msg[0m
[ 81%] Built target tfpose_ros_generate_messages_py
[ 84%] [34m[1mGenerating Lisp code from tfpose_ros/GetPersons.srv[0m
[ 86%] [34m[1mGenerating C++ code from tfpose_ros/Person.msg[0m
[ 89%] [34m[1mGenerating C++ code from tfpose_ros/BodyPartElm.msg[0m
[ 89%] Built target tfpose_ros_generate_messages_lisp
[ 92%] [34m[1mGenerating C++ code from tfpose_ros/Persons3D.msg[0m
[ 94%] [34m[1mGenerating C++ code from tfpose_ros/Person3D.msg[0m
[ 97%] [34m[1mGenerating C++ code from tfpose_ros/BodyPartElm3D.msg[0m
[100%] [34m[1mGenerating C++ code from tfpose_ros/GetPersons.srv[0m
[100%] Built target tfpose_ros_generate_messages_eus
[100%] Built target tfpose_ros_generate_messages_cpp
[35m[1mScanning dependencies of target tfpose_ros_generate_messages[0m
[100%] Built target tfpose_ros_generate_messages
