Symlinking /home/pedroildefonso/baxter_project/workspace/devel/share/common-lisp/ros/tfpose_ros/msg/Persons.lisp
Symlinking /home/pedroildefonso/baxter_project/workspace/devel/share/common-lisp/ros/tfpose_ros/msg/Person3D.lisp
Symlinking /home/pedroildefonso/baxter_project/workspace/devel/share/common-lisp/ros/tfpose_ros/msg/_package_BodyPartElm3D.lisp
Symlinking /home/pedroildefonso/baxter_project/workspace/devel/share/common-lisp/ros/tfpose_ros/msg/_package_Persons3D.lisp
Symlinking /home/pedroildefonso/baxter_project/workspace/devel/share/common-lisp/ros/tfpose_ros/msg/BodyPartElm3D.lisp
Symlinking /home/pedroildefonso/baxter_project/workspace/devel/share/common-lisp/ros/tfpose_ros/msg/BodyPartElm.lisp
Symlinking /home/pedroildefonso/baxter_project/workspace/devel/share/common-lisp/ros/tfpose_ros/msg/_package.lisp
Symlinking /home/pedroildefonso/baxter_project/workspace/devel/share/common-lisp/ros/tfpose_ros/msg/_package_Persons.lisp
Symlinking /home/pedroildefonso/baxter_project/workspace/devel/share/common-lisp/ros/tfpose_ros/msg/Persons3D.lisp
Symlinking /home/pedroildefonso/baxter_project/workspace/devel/share/common-lisp/ros/tfpose_ros/msg/_package_Person.lisp
Symlinking /home/pedroildefonso/baxter_project/workspace/devel/share/common-lisp/ros/tfpose_ros/msg/_package_BodyPartElm.lisp
Symlinking /home/pedroildefonso/baxter_project/workspace/devel/share/common-lisp/ros/tfpose_ros/msg/_package_Person3D.lisp
Symlinking /home/pedroildefonso/baxter_project/workspace/devel/share/common-lisp/ros/tfpose_ros/msg/Person.lisp
Symlinking /home/pedroildefonso/baxter_project/workspace/devel/share/common-lisp/ros/tfpose_ros/msg/tfpose_ros-msg.asd
Symlinking /home/pedroildefonso/baxter_project/workspace/devel/share/common-lisp/ros/tfpose_ros/srv/GetPersons.lisp
Symlinking /home/pedroildefonso/baxter_project/workspace/devel/share/common-lisp/ros/tfpose_ros/srv/tfpose_ros-srv.asd
Symlinking /home/pedroildefonso/baxter_project/workspace/devel/share/common-lisp/ros/tfpose_ros/srv/_package_GetPersons.lisp
Symlinking /home/pedroildefonso/baxter_project/workspace/devel/share/common-lisp/ros/tfpose_ros/srv/_package.lisp
Symlinking /home/pedroildefonso/baxter_project/workspace/devel/share/gennodejs/ros/tfpose_ros/_index.js
Symlinking /home/pedroildefonso/baxter_project/workspace/devel/share/gennodejs/ros/tfpose_ros/msg/Persons3D.js
Symlinking /home/pedroildefonso/baxter_project/workspace/devel/share/gennodejs/ros/tfpose_ros/msg/_index.js
Symlinking /home/pedroildefonso/baxter_project/workspace/devel/share/gennodejs/ros/tfpose_ros/msg/BodyPartElm3D.js
Symlinking /home/pedroildefonso/baxter_project/workspace/devel/share/gennodejs/ros/tfpose_ros/msg/Persons.js
Symlinking /home/pedroildefonso/baxter_project/workspace/devel/share/gennodejs/ros/tfpose_ros/msg/Person3D.js
Symlinking /home/pedroildefonso/baxter_project/workspace/devel/share/gennodejs/ros/tfpose_ros/msg/BodyPartElm.js
Symlinking /home/pedroildefonso/baxter_project/workspace/devel/share/gennodejs/ros/tfpose_ros/msg/Person.js
Symlinking /home/pedroildefonso/baxter_project/workspace/devel/share/gennodejs/ros/tfpose_ros/srv/_index.js
Symlinking /home/pedroildefonso/baxter_project/workspace/devel/share/gennodejs/ros/tfpose_ros/srv/GetPersons.js
Symlinking /home/pedroildefonso/baxter_project/workspace/devel/share/tfpose_ros/cmake/tfpose_ros-msg-paths.cmake
Symlinking /home/pedroildefonso/baxter_project/workspace/devel/share/tfpose_ros/cmake/tfpose_rosConfig-version.cmake
Symlinking /home/pedroildefonso/baxter_project/workspace/devel/share/tfpose_ros/cmake/tfpose_rosConfig.cmake
Symlinking /home/pedroildefonso/baxter_project/workspace/devel/share/tfpose_ros/cmake/tfpose_ros-msg-extras.cmake
Symlinking /home/pedroildefonso/baxter_project/workspace/devel/share/roseus/ros/tfpose_ros/manifest.l
Symlinking /home/pedroildefonso/baxter_project/workspace/devel/share/roseus/ros/tfpose_ros/msg/BodyPartElm3D.l
Symlinking /home/pedroildefonso/baxter_project/workspace/devel/share/roseus/ros/tfpose_ros/msg/Persons3D.l
Symlinking /home/pedroildefonso/baxter_project/workspace/devel/share/roseus/ros/tfpose_ros/msg/BodyPartElm.l
Symlinking /home/pedroildefonso/baxter_project/workspace/devel/share/roseus/ros/tfpose_ros/msg/Person3D.l
Symlinking /home/pedroildefonso/baxter_project/workspace/devel/share/roseus/ros/tfpose_ros/msg/Person.l
Symlinking /home/pedroildefonso/baxter_project/workspace/devel/share/roseus/ros/tfpose_ros/msg/Persons.l
Symlinking /home/pedroildefonso/baxter_project/workspace/devel/share/roseus/ros/tfpose_ros/srv/GetPersons.l
Symlinking /home/pedroildefonso/baxter_project/workspace/devel/include/tfpose_ros/Person3D.h
Symlinking /home/pedroildefonso/baxter_project/workspace/devel/include/tfpose_ros/GetPersons.h
Symlinking /home/pedroildefonso/baxter_project/workspace/devel/include/tfpose_ros/Person.h
Symlinking /home/pedroildefonso/baxter_project/workspace/devel/include/tfpose_ros/BodyPartElm3D.h
Symlinking /home/pedroildefonso/baxter_project/workspace/devel/include/tfpose_ros/GetPersonsRequest.h
Symlinking /home/pedroildefonso/baxter_project/workspace/devel/include/tfpose_ros/BodyPartElm.h
Symlinking /home/pedroildefonso/baxter_project/workspace/devel/include/tfpose_ros/GetPersonsResponse.h
Symlinking /home/pedroildefonso/baxter_project/workspace/devel/include/tfpose_ros/Persons3D.h
Symlinking /home/pedroildefonso/baxter_project/workspace/devel/include/tfpose_ros/Persons.h
Symlinking /home/pedroildefonso/baxter_project/workspace/devel/lib/pkgconfig/tfpose_ros.pc
Symlinking /home/pedroildefonso/baxter_project/workspace/devel/lib/python2.7/dist-packages/tfpose_ros/__init__.py
Symlinking /home/pedroildefonso/baxter_project/workspace/devel/lib/python2.7/dist-packages/tfpose_ros/msg/_BodyPartElm.py
Symlinking /home/pedroildefonso/baxter_project/workspace/devel/lib/python2.7/dist-packages/tfpose_ros/msg/_Person.py
Symlinking /home/pedroildefonso/baxter_project/workspace/devel/lib/python2.7/dist-packages/tfpose_ros/msg/_Persons3D.py
Symlinking /home/pedroildefonso/baxter_project/workspace/devel/lib/python2.7/dist-packages/tfpose_ros/msg/_BodyPartElm3D.py
Symlinking /home/pedroildefonso/baxter_project/workspace/devel/lib/python2.7/dist-packages/tfpose_ros/msg/_Person3D.py
Symlinking /home/pedroildefonso/baxter_project/workspace/devel/lib/python2.7/dist-packages/tfpose_ros/msg/_Persons.py
Symlinking /home/pedroildefonso/baxter_project/workspace/devel/lib/python2.7/dist-packages/tfpose_ros/msg/__init__.py
Symlinking /home/pedroildefonso/baxter_project/workspace/devel/lib/python2.7/dist-packages/tfpose_ros/srv/_GetPersons.py
Symlinking /home/pedroildefonso/baxter_project/workspace/devel/lib/python2.7/dist-packages/tfpose_ros/srv/__init__.py
