Symlinking /home/pedroildefonso/baxter_project/workspace/devel/share/baxter_interface/cmake/baxter_interfaceConfig-version.cmake
Symlinking /home/pedroildefonso/baxter_project/workspace/devel/share/baxter_interface/cmake/baxter_interfaceConfig.cmake
Symlinking /home/pedroildefonso/baxter_project/workspace/devel/share/baxter_interface/docs/PositionJointTrajectoryActionServerConfig.dox
Symlinking /home/pedroildefonso/baxter_project/workspace/devel/share/baxter_interface/docs/PositionFFJointTrajectoryActionServerConfig.wikidoc
Symlinking /home/pedroildefonso/baxter_project/workspace/devel/share/baxter_interface/docs/VelocityJointTrajectoryActionServerConfig.wikidoc
Symlinking /home/pedroildefonso/baxter_project/workspace/devel/share/baxter_interface/docs/VelocityJointTrajectoryActionServerConfig-usage.dox
Symlinking /home/pedroildefonso/baxter_project/workspace/devel/share/baxter_interface/docs/PositionFFJointTrajectoryActionServerConfig-usage.dox
Symlinking /home/pedroildefonso/baxter_project/workspace/devel/share/baxter_interface/docs/PositionJointTrajectoryActionServerConfig.wikidoc
Symlinking /home/pedroildefonso/baxter_project/workspace/devel/share/baxter_interface/docs/HeadActionServerConfig.dox
Symlinking /home/pedroildefonso/baxter_project/workspace/devel/share/baxter_interface/docs/GripperActionServerConfig.wikidoc
Symlinking /home/pedroildefonso/baxter_project/workspace/devel/share/baxter_interface/docs/PositionJointTrajectoryActionServerConfig-usage.dox
Symlinking /home/pedroildefonso/baxter_project/workspace/devel/share/baxter_interface/docs/HeadActionServerConfig-usage.dox
Symlinking /home/pedroildefonso/baxter_project/workspace/devel/share/baxter_interface/docs/GripperActionServerConfig-usage.dox
Symlinking /home/pedroildefonso/baxter_project/workspace/devel/share/baxter_interface/docs/GripperActionServerConfig.dox
Symlinking /home/pedroildefonso/baxter_project/workspace/devel/share/baxter_interface/docs/PositionFFJointTrajectoryActionServerConfig.dox
Symlinking /home/pedroildefonso/baxter_project/workspace/devel/share/baxter_interface/docs/HeadActionServerConfig.wikidoc
Symlinking /home/pedroildefonso/baxter_project/workspace/devel/share/baxter_interface/docs/VelocityJointTrajectoryActionServerConfig.dox
Symlinking /home/pedroildefonso/baxter_project/workspace/devel/include/baxter_interface/PositionFFJointTrajectoryActionServerConfig.h
Symlinking /home/pedroildefonso/baxter_project/workspace/devel/include/baxter_interface/GripperActionServerConfig.h
Symlinking /home/pedroildefonso/baxter_project/workspace/devel/include/baxter_interface/HeadActionServerConfig.h
Symlinking /home/pedroildefonso/baxter_project/workspace/devel/include/baxter_interface/PositionJointTrajectoryActionServerConfig.h
Symlinking /home/pedroildefonso/baxter_project/workspace/devel/include/baxter_interface/VelocityJointTrajectoryActionServerConfig.h
Symlinking /home/pedroildefonso/baxter_project/workspace/devel/lib/pkgconfig/baxter_interface.pc
Symlinking /home/pedroildefonso/baxter_project/workspace/devel/lib/python2.7/dist-packages/head_action/__init__.py
Symlinking /home/pedroildefonso/baxter_project/workspace/devel/lib/python2.7/dist-packages/baxter_control/__init__.py
Symlinking /home/pedroildefonso/baxter_project/workspace/devel/lib/python2.7/dist-packages/baxter_dataflow/__init__.py
Symlinking /home/pedroildefonso/baxter_project/workspace/devel/lib/python2.7/dist-packages/joint_trajectory_action/__init__.py
Symlinking /home/pedroildefonso/baxter_project/workspace/devel/lib/python2.7/dist-packages/baxter_interface/__init__.pyc
Symlinking /home/pedroildefonso/baxter_project/workspace/devel/lib/python2.7/dist-packages/baxter_interface/__init__.py
Symlinking /home/pedroildefonso/baxter_project/workspace/devel/lib/python2.7/dist-packages/baxter_interface/cfg/HeadActionServerConfig.py
Symlinking /home/pedroildefonso/baxter_project/workspace/devel/lib/python2.7/dist-packages/baxter_interface/cfg/PositionFFJointTrajectoryActionServerConfig.py
Symlinking /home/pedroildefonso/baxter_project/workspace/devel/lib/python2.7/dist-packages/baxter_interface/cfg/GripperActionServerConfig.py
Symlinking /home/pedroildefonso/baxter_project/workspace/devel/lib/python2.7/dist-packages/baxter_interface/cfg/VelocityJointTrajectoryActionServerConfig.py
Symlinking /home/pedroildefonso/baxter_project/workspace/devel/lib/python2.7/dist-packages/baxter_interface/cfg/PositionJointTrajectoryActionServerConfig.py
Symlinking /home/pedroildefonso/baxter_project/workspace/devel/lib/python2.7/dist-packages/baxter_interface/cfg/__init__.py
Symlinking /home/pedroildefonso/baxter_project/workspace/devel/lib/python2.7/dist-packages/gripper_action/__init__.py
