Determining if the pthread_create exist failed with the following output:
Change Dir: /home/pedroildefonso/baxter_project/workspace/build/baxter_tools/CMakeFiles/CMakeTmp

Run Build Command:"/usr/bin/make" "cmTC_02631/fast"
/usr/bin/make -f CMakeFiles/cmTC_02631.dir/build.make CMakeFiles/cmTC_02631.dir/build
make[1]: Entering directory '/home/pedroildefonso/baxter_project/workspace/build/baxter_tools/CMakeFiles/CMakeTmp'
Building C object CMakeFiles/cmTC_02631.dir/CheckSymbolExists.c.o
/usr/bin/cc     -o CMakeFiles/cmTC_02631.dir/CheckSymbolExists.c.o   -c /home/pedroildefonso/baxter_project/workspace/build/baxter_tools/CMakeFiles/CMakeTmp/CheckSymbolExists.c
Linking C executable cmTC_02631
/usr/bin/cmake -E cmake_link_script CMakeFiles/cmTC_02631.dir/link.txt --verbose=1
/usr/bin/cc       CMakeFiles/cmTC_02631.dir/CheckSymbolExists.c.o  -o cmTC_02631 -rdynamic 
CMakeFiles/cmTC_02631.dir/CheckSymbolExists.c.o: In function `main':
CheckSymbolExists.c:(.text+0x16): undefined reference to `pthread_create'
collect2: error: ld returned 1 exit status
CMakeFiles/cmTC_02631.dir/build.make:97: recipe for target 'cmTC_02631' failed
make[1]: *** [cmTC_02631] Error 1
make[1]: Leaving directory '/home/pedroildefonso/baxter_project/workspace/build/baxter_tools/CMakeFiles/CMakeTmp'
Makefile:126: recipe for target 'cmTC_02631/fast' failed
make: *** [cmTC_02631/fast] Error 2

File /home/pedroildefonso/baxter_project/workspace/build/baxter_tools/CMakeFiles/CMakeTmp/CheckSymbolExists.c:
/* */
#include <pthread.h>

int main(int argc, char** argv)
{
  (void)argv;
#ifndef pthread_create
  return ((int*)(&pthread_create))[argc];
#else
  (void)argc;
  return 0;
#endif
}

Determining if the function pthread_create exists in the pthreads failed with the following output:
Change Dir: /home/pedroildefonso/baxter_project/workspace/build/baxter_tools/CMakeFiles/CMakeTmp

Run Build Command:"/usr/bin/make" "cmTC_e059d/fast"
/usr/bin/make -f CMakeFiles/cmTC_e059d.dir/build.make CMakeFiles/cmTC_e059d.dir/build
make[1]: Entering directory '/home/pedroildefonso/baxter_project/workspace/build/baxter_tools/CMakeFiles/CMakeTmp'
Building C object CMakeFiles/cmTC_e059d.dir/CheckFunctionExists.c.o
/usr/bin/cc    -DCHECK_FUNCTION_EXISTS=pthread_create   -o CMakeFiles/cmTC_e059d.dir/CheckFunctionExists.c.o   -c /usr/share/cmake-3.5/Modules/CheckFunctionExists.c
Linking C executable cmTC_e059d
/usr/bin/cmake -E cmake_link_script CMakeFiles/cmTC_e059d.dir/link.txt --verbose=1
/usr/bin/cc   -DCHECK_FUNCTION_EXISTS=pthread_create    CMakeFiles/cmTC_e059d.dir/CheckFunctionExists.c.o  -o cmTC_e059d -rdynamic -lpthreads 
/usr/bin/ld: cannot find -lpthreads
collect2: error: ld returned 1 exit status
CMakeFiles/cmTC_e059d.dir/build.make:97: recipe for target 'cmTC_e059d' failed
make[1]: *** [cmTC_e059d] Error 1
make[1]: Leaving directory '/home/pedroildefonso/baxter_project/workspace/build/baxter_tools/CMakeFiles/CMakeTmp'
Makefile:126: recipe for target 'cmTC_e059d/fast' failed
make: *** [cmTC_e059d/fast] Error 2


