Determining if the pthread_create exist failed with the following output:
Change Dir: /home/pedroildefonso/baxter_project/workspace/build/baxter_core_msgs/CMakeFiles/CMakeTmp

Run Build Command:"/usr/bin/make" "cmTC_6bb0b/fast"
/usr/bin/make -f CMakeFiles/cmTC_6bb0b.dir/build.make CMakeFiles/cmTC_6bb0b.dir/build
make[1]: Entering directory '/home/pedroildefonso/baxter_project/workspace/build/baxter_core_msgs/CMakeFiles/CMakeTmp'
Building C object CMakeFiles/cmTC_6bb0b.dir/CheckSymbolExists.c.o
/usr/bin/cc     -o CMakeFiles/cmTC_6bb0b.dir/CheckSymbolExists.c.o   -c /home/pedroildefonso/baxter_project/workspace/build/baxter_core_msgs/CMakeFiles/CMakeTmp/CheckSymbolExists.c
Linking C executable cmTC_6bb0b
/usr/bin/cmake -E cmake_link_script CMakeFiles/cmTC_6bb0b.dir/link.txt --verbose=1
/usr/bin/cc       CMakeFiles/cmTC_6bb0b.dir/CheckSymbolExists.c.o  -o cmTC_6bb0b -rdynamic 
CMakeFiles/cmTC_6bb0b.dir/CheckSymbolExists.c.o: In function `main':
CheckSymbolExists.c:(.text+0x16): undefined reference to `pthread_create'
collect2: error: ld returned 1 exit status
CMakeFiles/cmTC_6bb0b.dir/build.make:97: recipe for target 'cmTC_6bb0b' failed
make[1]: *** [cmTC_6bb0b] Error 1
make[1]: Leaving directory '/home/pedroildefonso/baxter_project/workspace/build/baxter_core_msgs/CMakeFiles/CMakeTmp'
Makefile:126: recipe for target 'cmTC_6bb0b/fast' failed
make: *** [cmTC_6bb0b/fast] Error 2

File /home/pedroildefonso/baxter_project/workspace/build/baxter_core_msgs/CMakeFiles/CMakeTmp/CheckSymbolExists.c:
/* */
#include <pthread.h>

int main(int argc, char** argv)
{
  (void)argv;
#ifndef pthread_create
  return ((int*)(&pthread_create))[argc];
#else
  (void)argc;
  return 0;
#endif
}

Determining if the function pthread_create exists in the pthreads failed with the following output:
Change Dir: /home/pedroildefonso/baxter_project/workspace/build/baxter_core_msgs/CMakeFiles/CMakeTmp

Run Build Command:"/usr/bin/make" "cmTC_7e882/fast"
/usr/bin/make -f CMakeFiles/cmTC_7e882.dir/build.make CMakeFiles/cmTC_7e882.dir/build
make[1]: Entering directory '/home/pedroildefonso/baxter_project/workspace/build/baxter_core_msgs/CMakeFiles/CMakeTmp'
Building C object CMakeFiles/cmTC_7e882.dir/CheckFunctionExists.c.o
/usr/bin/cc    -DCHECK_FUNCTION_EXISTS=pthread_create   -o CMakeFiles/cmTC_7e882.dir/CheckFunctionExists.c.o   -c /usr/share/cmake-3.5/Modules/CheckFunctionExists.c
Linking C executable cmTC_7e882
/usr/bin/cmake -E cmake_link_script CMakeFiles/cmTC_7e882.dir/link.txt --verbose=1
/usr/bin/cc   -DCHECK_FUNCTION_EXISTS=pthread_create    CMakeFiles/cmTC_7e882.dir/CheckFunctionExists.c.o  -o cmTC_7e882 -rdynamic -lpthreads 
/usr/bin/ld: cannot find -lpthreads
collect2: error: ld returned 1 exit status
CMakeFiles/cmTC_7e882.dir/build.make:97: recipe for target 'cmTC_7e882' failed
make[1]: *** [cmTC_7e882] Error 1
make[1]: Leaving directory '/home/pedroildefonso/baxter_project/workspace/build/baxter_core_msgs/CMakeFiles/CMakeTmp'
Makefile:126: recipe for target 'cmTC_7e882/fast' failed
make: *** [cmTC_7e882/fast] Error 2


