Determining if the pthread_create exist failed with the following output:
Change Dir: /home/pedroildefonso/baxter_project/workspace/build/symab_backpack/CMakeFiles/CMakeTmp

Run Build Command:"/usr/bin/make" "cmTC_919fc/fast"
/usr/bin/make -f CMakeFiles/cmTC_919fc.dir/build.make CMakeFiles/cmTC_919fc.dir/build
make[1]: Entering directory '/home/pedroildefonso/baxter_project/workspace/build/symab_backpack/CMakeFiles/CMakeTmp'
Building C object CMakeFiles/cmTC_919fc.dir/CheckSymbolExists.c.o
/usr/bin/cc     -o CMakeFiles/cmTC_919fc.dir/CheckSymbolExists.c.o   -c /home/pedroildefonso/baxter_project/workspace/build/symab_backpack/CMakeFiles/CMakeTmp/CheckSymbolExists.c
Linking C executable cmTC_919fc
/usr/bin/cmake -E cmake_link_script CMakeFiles/cmTC_919fc.dir/link.txt --verbose=1
/usr/bin/cc       CMakeFiles/cmTC_919fc.dir/CheckSymbolExists.c.o  -o cmTC_919fc -rdynamic 
CMakeFiles/cmTC_919fc.dir/CheckSymbolExists.c.o: In function `main':
CheckSymbolExists.c:(.text+0x16): undefined reference to `pthread_create'
collect2: error: ld returned 1 exit status
CMakeFiles/cmTC_919fc.dir/build.make:97: recipe for target 'cmTC_919fc' failed
make[1]: *** [cmTC_919fc] Error 1
make[1]: Leaving directory '/home/pedroildefonso/baxter_project/workspace/build/symab_backpack/CMakeFiles/CMakeTmp'
Makefile:126: recipe for target 'cmTC_919fc/fast' failed
make: *** [cmTC_919fc/fast] Error 2

File /home/pedroildefonso/baxter_project/workspace/build/symab_backpack/CMakeFiles/CMakeTmp/CheckSymbolExists.c:
/* */
#include <pthread.h>

int main(int argc, char** argv)
{
  (void)argv;
#ifndef pthread_create
  return ((int*)(&pthread_create))[argc];
#else
  (void)argc;
  return 0;
#endif
}

Determining if the function pthread_create exists in the pthreads failed with the following output:
Change Dir: /home/pedroildefonso/baxter_project/workspace/build/symab_backpack/CMakeFiles/CMakeTmp

Run Build Command:"/usr/bin/make" "cmTC_cb19c/fast"
/usr/bin/make -f CMakeFiles/cmTC_cb19c.dir/build.make CMakeFiles/cmTC_cb19c.dir/build
make[1]: Entering directory '/home/pedroildefonso/baxter_project/workspace/build/symab_backpack/CMakeFiles/CMakeTmp'
Building C object CMakeFiles/cmTC_cb19c.dir/CheckFunctionExists.c.o
/usr/bin/cc    -DCHECK_FUNCTION_EXISTS=pthread_create   -o CMakeFiles/cmTC_cb19c.dir/CheckFunctionExists.c.o   -c /usr/share/cmake-3.5/Modules/CheckFunctionExists.c
Linking C executable cmTC_cb19c
/usr/bin/cmake -E cmake_link_script CMakeFiles/cmTC_cb19c.dir/link.txt --verbose=1
/usr/bin/cc   -DCHECK_FUNCTION_EXISTS=pthread_create    CMakeFiles/cmTC_cb19c.dir/CheckFunctionExists.c.o  -o cmTC_cb19c -rdynamic -lpthreads 
/usr/bin/ld: cannot find -lpthreads
collect2: error: ld returned 1 exit status
CMakeFiles/cmTC_cb19c.dir/build.make:97: recipe for target 'cmTC_cb19c' failed
make[1]: *** [cmTC_cb19c] Error 1
make[1]: Leaving directory '/home/pedroildefonso/baxter_project/workspace/build/symab_backpack/CMakeFiles/CMakeTmp'
Makefile:126: recipe for target 'cmTC_cb19c/fast' failed
make: *** [cmTC_cb19c/fast] Error 2


