Determining if the pthread_create exist failed with the following output:
Change Dir: /home/pedroildefonso/baxter_project/workspace/build/tfpose_ros/CMakeFiles/CMakeTmp

Run Build Command:"/usr/bin/make" "cmTC_cec3c/fast"
/usr/bin/make -f CMakeFiles/cmTC_cec3c.dir/build.make CMakeFiles/cmTC_cec3c.dir/build
make[1]: Entering directory '/home/pedroildefonso/baxter_project/workspace/build/tfpose_ros/CMakeFiles/CMakeTmp'
Building C object CMakeFiles/cmTC_cec3c.dir/CheckSymbolExists.c.o
/usr/bin/cc     -o CMakeFiles/cmTC_cec3c.dir/CheckSymbolExists.c.o   -c /home/pedroildefonso/baxter_project/workspace/build/tfpose_ros/CMakeFiles/CMakeTmp/CheckSymbolExists.c
Linking C executable cmTC_cec3c
/usr/bin/cmake -E cmake_link_script CMakeFiles/cmTC_cec3c.dir/link.txt --verbose=1
/usr/bin/cc       CMakeFiles/cmTC_cec3c.dir/CheckSymbolExists.c.o  -o cmTC_cec3c -rdynamic 
CMakeFiles/cmTC_cec3c.dir/CheckSymbolExists.c.o: In function `main':
CheckSymbolExists.c:(.text+0x16): undefined reference to `pthread_create'
collect2: error: ld returned 1 exit status
CMakeFiles/cmTC_cec3c.dir/build.make:97: recipe for target 'cmTC_cec3c' failed
make[1]: *** [cmTC_cec3c] Error 1
make[1]: Leaving directory '/home/pedroildefonso/baxter_project/workspace/build/tfpose_ros/CMakeFiles/CMakeTmp'
Makefile:126: recipe for target 'cmTC_cec3c/fast' failed
make: *** [cmTC_cec3c/fast] Error 2

File /home/pedroildefonso/baxter_project/workspace/build/tfpose_ros/CMakeFiles/CMakeTmp/CheckSymbolExists.c:
/* */
#include <pthread.h>

int main(int argc, char** argv)
{
  (void)argv;
#ifndef pthread_create
  return ((int*)(&pthread_create))[argc];
#else
  (void)argc;
  return 0;
#endif
}

Determining if the function pthread_create exists in the pthreads failed with the following output:
Change Dir: /home/pedroildefonso/baxter_project/workspace/build/tfpose_ros/CMakeFiles/CMakeTmp

Run Build Command:"/usr/bin/make" "cmTC_5dfd2/fast"
/usr/bin/make -f CMakeFiles/cmTC_5dfd2.dir/build.make CMakeFiles/cmTC_5dfd2.dir/build
make[1]: Entering directory '/home/pedroildefonso/baxter_project/workspace/build/tfpose_ros/CMakeFiles/CMakeTmp'
Building C object CMakeFiles/cmTC_5dfd2.dir/CheckFunctionExists.c.o
/usr/bin/cc    -DCHECK_FUNCTION_EXISTS=pthread_create   -o CMakeFiles/cmTC_5dfd2.dir/CheckFunctionExists.c.o   -c /usr/share/cmake-3.5/Modules/CheckFunctionExists.c
Linking C executable cmTC_5dfd2
/usr/bin/cmake -E cmake_link_script CMakeFiles/cmTC_5dfd2.dir/link.txt --verbose=1
/usr/bin/cc   -DCHECK_FUNCTION_EXISTS=pthread_create    CMakeFiles/cmTC_5dfd2.dir/CheckFunctionExists.c.o  -o cmTC_5dfd2 -rdynamic -lpthreads 
/usr/bin/ld: cannot find -lpthreads
collect2: error: ld returned 1 exit status
CMakeFiles/cmTC_5dfd2.dir/build.make:97: recipe for target 'cmTC_5dfd2' failed
make[1]: *** [cmTC_5dfd2] Error 1
make[1]: Leaving directory '/home/pedroildefonso/baxter_project/workspace/build/tfpose_ros/CMakeFiles/CMakeTmp'
Makefile:126: recipe for target 'cmTC_5dfd2/fast' failed
make: *** [cmTC_5dfd2/fast] Error 2


